2022-06-25 00:19:08 [INFO] Starting minecraft server version Beta 1.3
2022-06-25 00:19:08 [WARNING] **** NOT ENOUGH RAM!
2022-06-25 00:19:08 [WARNING] To start the server with more ram, launch it as "java -Xmx1024M -Xms1024M -jar minecraft_server.jar"
2022-06-25 00:19:08 [INFO] Loading properties
2022-06-25 00:19:08 [WARNING] server.properties does not exist
2022-06-25 00:19:08 [INFO] Generating new properties file
2022-06-25 00:19:08 [INFO] Starting websocket server on: /0.0.0.0:25565
2022-06-25 00:19:08 [SEVERE] SLF4J: Failed to load class "org.slf4j.impl.StaticLoggerBinder".

2022-06-25 00:19:08 [SEVERE] SLF4J: Defaulting to no-operation (NOP) logger implementation

2022-06-25 00:19:08 [SEVERE] SLF4J: See http://www.slf4j.org/codes.html#StaticLoggerBinder for further details.

2022-06-25 00:19:09 [INFO] Starting vanilla server on: /127.0.0.1:25566
2022-06-25 00:19:09 [INFO] This server is running Craftbukkit version null (MC: 1.3)
2022-06-25 00:19:09 [WARNING] Failed to load ban list: java.io.FileNotFoundException: banned-players.txt (No such file or directory)
2022-06-25 00:19:09 [WARNING] Failed to load ip ban list: java.io.FileNotFoundException: banned-ips.txt (No such file or directory)
2022-06-25 00:19:09 [WARNING] Failed to load ops: java.io.FileNotFoundException: ops.txt (No such file or directory)
2022-06-25 00:19:09 [WARNING] Failed to load white-list: java.io.FileNotFoundException: white-list.txt (No such file or directory)
2022-06-25 00:19:09 [INFO] Preparing level "world"
2022-06-25 00:19:09 [INFO] Preparing start region
2022-06-25 00:19:11 [INFO] Preparing spawn area: 0%
2022-06-25 00:19:12 [INFO] Preparing spawn area: 3%
2022-06-25 00:19:13 [INFO] Preparing spawn area: 4%
2022-06-25 00:19:14 [INFO] Preparing spawn area: 8%
2022-06-25 00:20:32 [INFO] Starting minecraft server version Beta 1.3
2022-06-25 00:20:32 [INFO] Loading properties
2022-06-25 00:20:32 [INFO] Starting websocket server on: /0.0.0.0:25565
2022-06-25 00:20:32 [SEVERE] SLF4J: Failed to load class "org.slf4j.impl.StaticLoggerBinder".

2022-06-25 00:20:33 [SEVERE] SLF4J: Defaulting to no-operation (NOP) logger implementation

2022-06-25 00:20:33 [SEVERE] SLF4J: See http://www.slf4j.org/codes.html#StaticLoggerBinder for further details.

2022-06-25 00:20:33 [INFO] Starting vanilla server on: /127.0.0.1:25566
2022-06-25 00:20:33 [INFO] This server is running Craftbukkit version null (MC: 1.3)
2022-06-25 00:20:34 [INFO] Preparing level "world"
2022-06-25 00:20:34 [INFO] Preparing start region
2022-06-25 00:20:41 [INFO] Preparing spawn area: 0%
2022-06-25 00:20:42 [INFO] Preparing spawn area: 0%
2022-06-25 00:20:43 [INFO] Preparing spawn area: 3%
2022-06-25 00:20:44 [INFO] Preparing spawn area: 4%
2022-06-25 00:20:45 [INFO] Preparing spawn area: 4%
2022-06-25 00:20:46 [INFO] Preparing spawn area: 8%
2022-06-25 00:20:47 [INFO] Preparing spawn area: 8%
2022-06-25 00:20:49 [INFO] Preparing spawn area: 12%
2022-06-25 00:20:50 [INFO] Preparing spawn area: 12%
2022-06-25 00:20:51 [INFO] Preparing spawn area: 16%
2022-06-25 00:20:52 [INFO] Preparing spawn area: 16%
2022-06-25 00:20:53 [INFO] Preparing spawn area: 20%
2022-06-25 00:20:54 [INFO] Preparing spawn area: 20%
2022-06-25 00:20:55 [INFO] Preparing spawn area: 24%
2022-06-25 00:20:56 [INFO] Preparing spawn area: 24%
2022-06-25 00:20:57 [INFO] Preparing spawn area: 28%
2022-06-25 00:20:58 [INFO] Preparing spawn area: 32%
2022-06-25 00:20:59 [INFO] Preparing spawn area: 32%
2022-06-25 00:21:00 [INFO] Preparing spawn area: 36%
2022-06-25 00:21:01 [INFO] Preparing spawn area: 40%
2022-06-25 00:21:02 [INFO] Preparing spawn area: 40%
2022-06-25 00:21:04 [INFO] Preparing spawn area: 44%
2022-06-25 00:21:05 [INFO] Preparing spawn area: 44%
2022-06-25 00:21:06 [INFO] [websocket] was kicked while logging in: disconnect.closed
2022-06-25 00:21:06 [INFO] Preparing spawn area: 48%
2022-06-25 00:21:07 [INFO] Preparing spawn area: 52%
2022-06-25 00:21:08 [INFO] Preparing spawn area: 52%
2022-06-25 00:21:09 [INFO] Preparing spawn area: 56%
2022-06-25 00:21:10 [INFO] Preparing spawn area: 57%
2022-06-25 00:21:11 [INFO] Preparing spawn area: 61%
2022-06-25 00:21:12 [INFO] Preparing spawn area: 65%
2022-06-25 00:21:13 [INFO] Preparing spawn area: 65%
2022-06-25 00:21:14 [INFO] Preparing spawn area: 69%
2022-06-25 00:21:15 [INFO] Preparing spawn area: 69%
2022-06-25 00:21:16 [INFO] Preparing spawn area: 73%
2022-06-25 00:21:17 [INFO] Preparing spawn area: 77%
2022-06-25 00:21:18 [INFO] Preparing spawn area: 81%
2022-06-25 00:21:19 [INFO] Preparing spawn area: 81%
2022-06-25 00:21:20 [INFO] Preparing spawn area: 85%
2022-06-25 00:21:22 [INFO] Preparing spawn area: 85%
2022-06-25 00:21:23 [INFO] Preparing spawn area: 89%
2022-06-25 00:21:24 [INFO] Preparing spawn area: 89%
2022-06-25 00:21:25 [INFO] Preparing spawn area: 93%
2022-06-25 00:21:26 [INFO] Preparing spawn area: 93%
2022-06-25 00:21:27 [INFO] Preparing spawn area: 97%
2022-06-25 00:21:28 [INFO] Preparing spawn area: 97%
2022-06-25 00:21:29 [INFO] Loading Eaglercraft Bukkit...
2022-06-25 00:21:29 [INFO] Done (5.590s)! For help, type "help" or "?"
2022-06-25 00:21:30 [INFO] Crash Loop Detector is Running! (30sec)

2022-06-25 00:21:30 [INFO] To increase, add "--crashTimeout [sec]" to the program's arguments

2022-06-25 00:21:47 [INFO] Disconnecting [websocket]: You're not registered on this server!
2022-06-25 00:21:47 [INFO] [websocket] was kicked while logging in: disconnect.closed
2022-06-25 00:22:25 [INFO] Starting minecraft server version Beta 1.3
2022-06-25 00:22:25 [INFO] Loading properties
2022-06-25 00:22:25 [INFO] Starting websocket server on: /0.0.0.0:25565
2022-06-25 00:22:25 [SEVERE] SLF4J: Failed to load class "org.slf4j.impl.StaticLoggerBinder".

2022-06-25 00:22:25 [SEVERE] SLF4J: Defaulting to no-operation (NOP) logger implementation

2022-06-25 00:22:25 [SEVERE] SLF4J: See http://www.slf4j.org/codes.html#StaticLoggerBinder for further details.

2022-06-25 00:22:25 [INFO] Starting vanilla server on: /127.0.0.1:25566
2022-06-25 00:22:25 [INFO] This server is running Craftbukkit version null (MC: 1.3)
2022-06-25 00:22:25 [INFO] Preparing level "world"
2022-06-25 00:22:25 [INFO] Preparing start region
2022-06-25 00:22:27 [INFO] Preparing spawn area: 32%
2022-06-25 00:22:28 [INFO] [websocket] was kicked while logging in: disconnect.closed
2022-06-25 00:22:28 [INFO] Preparing spawn area: 36%
2022-06-25 00:22:29 [INFO] Preparing spawn area: 36%
2022-06-25 00:22:30 [INFO] Preparing spawn area: 40%
2022-06-25 00:22:31 [INFO] Preparing spawn area: 40%
2022-06-25 00:22:32 [INFO] Preparing spawn area: 44%
2022-06-25 00:22:33 [INFO] Preparing spawn area: 44%
2022-06-25 00:22:34 [INFO] Preparing spawn area: 48%
2022-06-25 00:22:35 [INFO] Preparing spawn area: 52%
2022-06-25 00:22:36 [INFO] Preparing spawn area: 56%
2022-06-25 00:22:37 [INFO] Preparing spawn area: 57%
2022-06-25 00:22:38 [INFO] Preparing spawn area: 61%
2022-06-25 00:22:39 [INFO] Preparing spawn area: 65%
2022-06-25 00:22:40 [INFO] Preparing spawn area: 69%
2022-06-25 00:22:41 [INFO] Preparing spawn area: 73%
2022-06-25 00:22:42 [INFO] Preparing spawn area: 81%
2022-06-25 00:22:43 [INFO] Preparing spawn area: 85%
2022-06-25 00:22:44 [INFO] Preparing spawn area: 89%
2022-06-25 00:22:45 [INFO] Preparing spawn area: 93%
2022-06-25 00:22:46 [INFO] Preparing spawn area: 97%
2022-06-25 00:22:48 [INFO] Preparing spawn area: 97%
2022-06-25 00:22:48 [INFO] Loading Eaglercraft Bukkit...
2022-06-25 00:22:48 [INFO] Done (2.296s)! For help, type "help" or "?"
2022-06-25 00:22:48 [INFO] Crash Loop Detector is Running! (30sec)

2022-06-25 00:22:48 [INFO] To increase, add "--crashTimeout [sec]" to the program's arguments

2022-06-25 00:22:54 [INFO] 143 recipes

2022-06-25 00:22:54 [INFO] EaglerYeeg29 [websocket] logged in with entity id 791
2022-06-25 00:23:00 [WARNING] Can't keep up! Did the system time change, or is the server overloaded?
2022-06-25 00:28:23 [INFO] EaglerYeeg29 lost connection: disconnect.timeout
2022-06-25 00:47:33 [INFO] EaglerYeeg29 [websocket] logged in with entity id 7500
2022-06-25 00:47:59 [INFO] EaglerYeeg29 lost connection: disconnect.close
